c:\users\олег\source\repos\duality1\duality1\debug\vc142.pdb
c:\users\олег\source\repos\duality1\duality1\debug\vc142.idb
c:\users\олег\source\repos\duality1\duality1\debug\simplex.obj
c:\users\олег\source\repos\duality1\duality1\debug\seidelmethod.obj
c:\users\олег\source\repos\duality1\duality1\debug\parser.obj
c:\users\олег\source\repos\duality1\duality1\debug\linear.obj
c:\users\олег\source\repos\duality1\duality1\debug\main.obj
c:\users\олег\source\repos\duality1\debug\duality1.pdb
c:\users\олег\source\repos\duality1\duality1\debug\duality1.tlog\cl.command.1.tlog
c:\users\олег\source\repos\duality1\duality1\debug\duality1.tlog\cl.read.1.tlog
c:\users\олег\source\repos\duality1\duality1\debug\duality1.tlog\cl.write.1.tlog
c:\users\олег\source\repos\duality1\duality1\debug\duality1.tlog\link.107232-cvtres.read.1.tlog
c:\users\олег\source\repos\duality1\duality1\debug\duality1.tlog\link.107232-cvtres.write.1.tlog
c:\users\олег\source\repos\duality1\duality1\debug\duality1.tlog\link.107232-rc.read.1.tlog
c:\users\олег\source\repos\duality1\duality1\debug\duality1.tlog\link.107232-rc.write.1.tlog
c:\users\олег\source\repos\duality1\duality1\debug\duality1.tlog\link.107232.read.1.tlog
c:\users\олег\source\repos\duality1\duality1\debug\duality1.tlog\link.107232.write.1.tlog
c:\users\олег\source\repos\duality1\duality1\debug\duality1.tlog\link.command.1.tlog
c:\users\олег\source\repos\duality1\duality1\debug\duality1.tlog\link.read.1.tlog
c:\users\олег\source\repos\duality1\duality1\debug\duality1.tlog\link.write.1.tlog
